{"meta": {"version": "6.4", "timestamp": "2022-05-23T15:32:46.995514", "branch_coverage": false, "show_contexts": false}, "files": {"my_calendar.py": {"executed_lines": [2, 3, 4, 7, 13, 14], "summary": {"covered_lines": 6, "num_statements": 11, "percent_covered": 54.54545454545455, "percent_covered_display": "55", "missing_lines": 5, "excluded_lines": 0}, "missing_lines": [8, 10, 15, 16, 17], "excluded_lines": []}, "test_basic_example.py": {"executed_lines": [1, 4, 6, 7, 9, 10, 11, 13, 14, 15, 17, 18, 21], "summary": {"covered_lines": 13, "num_statements": 14, "percent_covered": 92.85714285714286, "percent_covered_display": "93", "missing_lines": 1, "excluded_lines": 0}, "missing_lines": [22], "excluded_lines": []}, "test_mock_patch_context_manager.py": {"executed_lines": [2, 3, 4, 5, 8, 9, 10, 11, 12, 13, 17], "summary": {"covered_lines": 11, "num_statements": 13, "percent_covered": 84.61538461538461, "percent_covered_display": "85", "missing_lines": 2, "excluded_lines": 0}, "missing_lines": [14, 18], "excluded_lines": []}, "test_mock_patch_decorator.py": {"executed_lines": [2, 3, 4, 5, 8, 9, 10, 11, 12, 13, 16], "summary": {"covered_lines": 11, "num_statements": 12, "percent_covered": 91.66666666666667, "percent_covered_display": "92", "missing_lines": 1, "excluded_lines": 0}, "missing_lines": [17], "excluded_lines": []}, "test_mock_patch_object_attributes.py": {"executed_lines": [2, 3, 4, 7, 8, 9, 10, 11, 14], "summary": {"covered_lines": 9, "num_statements": 10, "percent_covered": 90.0, "percent_covered_display": "90", "missing_lines": 1, "excluded_lines": 0}, "missing_lines": [15], "excluded_lines": []}, "test_mock_side_effects.py": {"executed_lines": [2, 3, 4, 5, 8, 9, 10, 11, 16, 19, 20, 22, 23, 24, 26, 28, 29, 32, 33, 34, 38, 40, 42, 43, 46], "summary": {"covered_lines": 25, "num_statements": 27, "percent_covered": 92.5925925925926, "percent_covered_display": "93", "missing_lines": 2, "excluded_lines": 0}, "missing_lines": [12, 47], "excluded_lines": []}, "test_mock_side_effects_iterable.py": {"executed_lines": [2, 3, 4, 7, 10, 11, 12, 13, 17, 18, 20, 21, 22, 27, 29, 30, 32, 34, 37], "summary": {"covered_lines": 19, "num_statements": 21, "percent_covered": 90.47619047619048, "percent_covered_display": "90", "missing_lines": 2, "excluded_lines": 0}, "missing_lines": [14, 38], "excluded_lines": []}, "test_subtests.py": {"executed_lines": [1, 5, 7, 11, 12, 13, 16], "summary": {"covered_lines": 7, "num_statements": 8, "percent_covered": 87.5, "percent_covered_display": "88", "missing_lines": 1, "excluded_lines": 0}, "missing_lines": [17], "excluded_lines": []}}, "totals": {"covered_lines": 101, "num_statements": 116, "percent_covered": 87.06896551724138, "percent_covered_display": "87", "missing_lines": 15, "excluded_lines": 0}}